-------------------------------------------------------------------------------->8
2025-02-20 12:44:46 [I] starting desktop-build/v0.19.0-rc.1 go/1.23.5 windows/amd64
2025-02-20 12:44:46 [I] bugsnag configured
2025-02-20 12:44:46 [I] current docker context: desktop-linux
2025-02-20 12:44:46 [W] failed to dial docker daemon on desktop-linux context: unable to upgrade to h2c, received 500
2025-02-20 12:44:46 [I] builder manager started
2025-02-20 12:44:46 [I] build store started
2025-02-20 12:44:46 [I] build manager started
2025-02-20 12:44:46 [I] starting server (\\.\pipe\dockerDesktopBuildServer)
2025-02-20 12:44:46 [E] failed to listen to docker events: request returned Internal Server Error for API route and version http://%2F%2F.%2Fpipe%2FdockerDesktopLinuxEngine/v1.47/events?filters=%7B%22event%22%3A%7B%22die%22%3Atrue%2C%22start%22%3Atrue%7D%2C%22type%22%3A%7B%22container%22%3Atrue%7D%7D, check if the server supports the requested API version
2025-02-20 12:45:46 [W] gc failed: CreateFile C:\Users\bbb01\AppData\Roaming\Docker\buildstore\content\blobs: The system cannot find the path specified.
2025-02-20 12:45:46 [E] failed to listen to docker events: request returned Internal Server Error for API route and version http://%2F%2F.%2Fpipe%2FdockerDesktopLinuxEngine/v1.47/events?filters=%7B%22event%22%3A%7B%22die%22%3Atrue%2C%22start%22%3Atrue%7D%2C%22type%22%3A%7B%22container%22%3Atrue%7D%7D&since=1740055481.711647500, check if the server supports the requested API version
2025-02-20 12:48:45 [E] failed to listen to docker events: error during connect: Get "http://%2F%2F.%2Fpipe%2FdockerDesktopLinuxEngine/v1.47/events?filters=%7B%22event%22%3A%7B%22die%22%3Atrue%2C%22start%22%3Atrue%7D%2C%22type%22%3A%7B%22container%22%3Atrue%7D%7D&since=1740055541.865681300": open //./pipe/dockerDesktopLinuxEngine: The system cannot find the file specified.
2025-02-20 12:48:45 [E] failed to listen to docker events: error during connect: Get "http://%2F%2F.%2Fpipe%2FdockerDesktopLinuxEngine/v1.47/events?filters=%7B%22event%22%3A%7B%22die%22%3Atrue%2C%22start%22%3Atrue%7D%2C%22type%22%3A%7B%22container%22%3Atrue%7D%7D&since=1740055720.414255900": open //./pipe/dockerDesktopLinuxEngine: The system cannot find the file specified.
-------------------------------------------------------------------------------->8
2025-02-20 12:50:08 [I] starting desktop-build/v0.19.0-rc.1 go/1.23.5 windows/amd64
2025-02-20 12:50:08 [I] bugsnag configured
2025-02-20 12:50:08 [I] current docker context: desktop-linux
2025-02-20 12:50:08 [W] failed to dial docker daemon on desktop-linux context: unable to upgrade to h2c, received 500
2025-02-20 12:50:08 [I] builder manager started
2025-02-20 12:50:08 [I] build store started
2025-02-20 12:50:08 [I] build manager started
2025-02-20 12:50:08 [I] starting server (\\.\pipe\dockerDesktopBuildServer)
2025-02-20 12:50:08 [E] failed to listen to docker events: request returned Internal Server Error for API route and version http://%2F%2F.%2Fpipe%2FdockerDesktopLinuxEngine/v1.47/events?filters=%7B%22event%22%3A%7B%22die%22%3Atrue%2C%22start%22%3Atrue%7D%2C%22type%22%3A%7B%22container%22%3Atrue%7D%7D, check if the server supports the requested API version
2025-02-20 12:51:08 [W] gc failed: CreateFile C:\Users\bbb01\AppData\Roaming\Docker\buildstore\content\blobs: The system cannot find the path specified.
-------------------------------------------------------------------------------->8
2025-02-20 14:01:53 [I] starting desktop-build/v0.19.0-rc.1 go/1.23.5 windows/amd64
2025-02-20 14:01:53 [I] bugsnag configured
2025-02-20 14:01:53 [I] current docker context: desktop-linux
2025-02-20 14:01:53 [W] failed to dial docker daemon on desktop-linux context: unable to upgrade to h2c, received 500
2025-02-20 14:01:53 [I] builder manager started
2025-02-20 14:01:53 [I] build store started
2025-02-20 14:01:53 [I] build manager started
2025-02-20 14:01:53 [I] starting server (\\.\pipe\dockerDesktopBuildServer)
2025-02-20 14:01:53 [E] failed to listen to docker events: request returned Internal Server Error for API route and version http://%2F%2F.%2Fpipe%2FdockerDesktopLinuxEngine/v1.47/events?filters=%7B%22event%22%3A%7B%22die%22%3Atrue%2C%22start%22%3Atrue%7D%2C%22type%22%3A%7B%22container%22%3Atrue%7D%7D, check if the server supports the requested API version
2025-02-20 14:02:53 [W] gc failed: CreateFile C:\Users\bbb01\AppData\Roaming\Docker\buildstore\content\blobs: The system cannot find the path specified.
2025-02-20 14:16:54 [I] starting listener for default/default
2025-02-20 14:16:54 [W] skip listening node desktop-linux/desktop-linux: docker builder "default" is already listening to the same workers: [c8oj9xn5h7pmnj453bg2ve3s5]
2025-02-20 14:16:54 [W] skip listening node desktop-linux/desktop-linux: docker builder "default" is already listening to the same workers: [c8oj9xn5h7pmnj453bg2ve3s5]
2025-02-20 14:18:15 [E] failed to listen to docker events: unexpected EOF
2025-02-20 14:18:15 [E] reset build history listener for default/default: rpc error: code = Unavailable desc = error reading from server: EOF
2025-02-20 14:18:15 [E] failed to listen to docker events: request returned Internal Server Error for API route and version http://%2F%2F.%2Fpipe%2FdockerDesktopLinuxEngine/v1.47/events?filters=%7B%22event%22%3A%7B%22die%22%3Atrue%2C%22start%22%3Atrue%7D%2C%22type%22%3A%7B%22container%22%3Atrue%7D%7D&since=1740061090.049033300, check if the server supports the requested API version
-------------------------------------------------------------------------------->8
2025-02-20 14:18:58 [I] starting desktop-build/v0.19.0-rc.1 go/1.23.5 windows/amd64
2025-02-20 14:18:58 [I] bugsnag configured
2025-02-20 14:18:59 [I] current docker context: desktop-linux
2025-02-20 14:18:59 [W] failed to dial docker daemon on desktop-linux context: unable to upgrade to h2c, received 500
2025-02-20 14:18:59 [I] builder manager started
2025-02-20 14:18:59 [I] build store started
2025-02-20 14:18:59 [I] build manager started
2025-02-20 14:18:59 [I] starting server (\\.\pipe\dockerDesktopBuildServer)
2025-02-20 14:18:59 [E] failed to listen to docker events: request returned Internal Server Error for API route and version http://%2F%2F.%2Fpipe%2FdockerDesktopLinuxEngine/v1.47/events?filters=%7B%22event%22%3A%7B%22die%22%3Atrue%2C%22start%22%3Atrue%7D%2C%22type%22%3A%7B%22container%22%3Atrue%7D%7D, check if the server supports the requested API version
2025-02-20 14:19:59 [W] gc failed: CreateFile C:\Users\bbb01\AppData\Roaming\Docker\buildstore\content\blobs: The system cannot find the path specified.
2025-02-20 14:33:59 [I] starting listener for default/default
2025-02-20 14:33:59 [W] skip listening node desktop-linux/desktop-linux: docker builder "default" is already listening to the same workers: [c8oj9xn5h7pmnj453bg2ve3s5]
2025-02-20 14:33:59 [W] skip listening node desktop-linux/desktop-linux: docker builder "default" is already listening to the same workers: [c8oj9xn5h7pmnj453bg2ve3s5]
2025-02-20 14:48:59 [W] skip listening node desktop-linux/desktop-linux: docker builder "default" is already listening to the same workers: [c8oj9xn5h7pmnj453bg2ve3s5]
2025-02-20 15:03:59 [W] skip listening node desktop-linux/desktop-linux: docker builder "default" is already listening to the same workers: [c8oj9xn5h7pmnj453bg2ve3s5]
2025-02-20 15:18:59 [W] skip listening node desktop-linux/desktop-linux: docker builder "default" is already listening to the same workers: [c8oj9xn5h7pmnj453bg2ve3s5]
